#! /c/Source/iverilog-install/bin/vvp
:ivl_version "12.0 (devel)" "(s20150603-1539-g2693dd32b)";
:ivl_delay_selection "TYPICAL";
:vpi_time_precision + 0;
:vpi_module "D:\ProgramFiles\iverilog\lib\ivl\system.vpi";
:vpi_module "D:\ProgramFiles\iverilog\lib\ivl\vhdl_sys.vpi";
:vpi_module "D:\ProgramFiles\iverilog\lib\ivl\vhdl_textio.vpi";
:vpi_module "D:\ProgramFiles\iverilog\lib\ivl\v2005_math.vpi";
:vpi_module "D:\ProgramFiles\iverilog\lib\ivl\va_math.vpi";
S_00000243a2044af0 .scope module, "tff_async_reset_tb" "tff_async_reset_tb" 2 3;
 .timescale 0 0;
v00000243a209e200_0 .var "clk", 0 0;
v00000243a209e7a0_0 .net "nclk", 0 0, v00000243a200dab0_0;  1 drivers
v00000243a209e0c0_0 .net "q", 0 0, v00000243a200bc90_0;  1 drivers
S_00000243a2045c90 .scope module, "f" "freq" 2 8, 3 3 0, S_00000243a2044af0;
 .timescale 0 0;
    .port_info 0 /INPUT 1 "clk";
    .port_info 1 /OUTPUT 1 "q";
    .port_info 2 /OUTPUT 1 "nclk";
L_00000243a200bd30 .functor NOT 1, v00000243a200bc90_0, C4<0>, C4<0>, C4<0>;
L_00000243a2022cb0 .functor NOT 1, v00000243a200bc90_0, C4<0>, C4<0>, C4<0>;
v00000243a2054510_0 .net "clk", 0 0, v00000243a209e200_0;  1 drivers
v00000243a20545b0_0 .net "nclk", 0 0, v00000243a200dab0_0;  alias, 1 drivers
v00000243a209e340_0 .net "q", 0 0, v00000243a200bc90_0;  alias, 1 drivers
v00000243a209e5c0_0 .var "reset", 0 0;
S_00000243a200d6f0 .scope module, "uut" "tff" 3 11, 4 1 0, S_00000243a2045c90;
 .timescale 0 0;
    .port_info 0 /INPUT 1 "clk";
    .port_info 1 /INPUT 1 "reset";
    .port_info 2 /INPUT 1 "t";
    .port_info 3 /OUTPUT 1 "q";
v00000243a2022ef0_0 .net "clk", 0 0, v00000243a209e200_0;  alias, 1 drivers
v00000243a200bc90_0 .var "q", 0 0;
v00000243a2045e20_0 .net "reset", 0 0, v00000243a209e5c0_0;  1 drivers
v00000243a2045ec0_0 .net "t", 0 0, v00000243a209e200_0;  alias, 1 drivers
E_00000243a200aa70 .event posedge, v00000243a2045e20_0, v00000243a2022ef0_0;
S_00000243a200d880 .scope module, "uut2" "tff" 3 18, 4 1 0, S_00000243a2045c90;
 .timescale 0 0;
    .port_info 0 /INPUT 1 "clk";
    .port_info 1 /INPUT 1 "reset";
    .port_info 2 /INPUT 1 "t";
    .port_info 3 /OUTPUT 1 "q";
v00000243a200da10_0 .net "clk", 0 0, L_00000243a200bd30;  1 drivers
v00000243a200dab0_0 .var "q", 0 0;
v00000243a2055920_0 .net "reset", 0 0, v00000243a209e5c0_0;  alias, 1 drivers
v00000243a2054470_0 .net "t", 0 0, L_00000243a2022cb0;  1 drivers
E_00000243a200a0f0 .event posedge, v00000243a2045e20_0, v00000243a200da10_0;
    .scope S_00000243a200d6f0;
T_0 ;
    %wait E_00000243a200aa70;
    %load/vec4 v00000243a2045e20_0;
    %flag_set/vec4 8;
    %jmp/0xz  T_0.0, 8;
    %pushi/vec4 0, 0, 1;
    %assign/vec4 v00000243a200bc90_0, 0;
    %jmp T_0.1;
T_0.0 ;
    %load/vec4 v00000243a2045ec0_0;
    %flag_set/vec4 8;
    %jmp/0xz  T_0.2, 8;
    %load/vec4 v00000243a200bc90_0;
    %inv;
    %assign/vec4 v00000243a200bc90_0, 0;
T_0.2 ;
T_0.1 ;
    %jmp T_0;
    .thread T_0;
    .scope S_00000243a200d880;
T_1 ;
    %wait E_00000243a200a0f0;
    %load/vec4 v00000243a2055920_0;
    %flag_set/vec4 8;
    %jmp/0xz  T_1.0, 8;
    %pushi/vec4 0, 0, 1;
    %assign/vec4 v00000243a200dab0_0, 0;
    %jmp T_1.1;
T_1.0 ;
    %load/vec4 v00000243a2054470_0;
    %flag_set/vec4 8;
    %jmp/0xz  T_1.2, 8;
    %load/vec4 v00000243a200dab0_0;
    %inv;
    %assign/vec4 v00000243a200dab0_0, 0;
T_1.2 ;
T_1.1 ;
    %jmp T_1;
    .thread T_1;
    .scope S_00000243a2045c90;
T_2 ;
    %pushi/vec4 1, 0, 1;
    %store/vec4 v00000243a209e5c0_0, 0, 1;
    %delay 5, 0;
    %pushi/vec4 0, 0, 1;
    %store/vec4 v00000243a209e5c0_0, 0, 1;
    %end;
    .thread T_2;
    .scope S_00000243a2044af0;
T_3 ;
    %delay 10, 0;
    %load/vec4 v00000243a209e200_0;
    %inv;
    %store/vec4 v00000243a209e200_0, 0, 1;
    %jmp T_3;
    .thread T_3;
    .scope S_00000243a2044af0;
T_4 ;
    %pushi/vec4 0, 0, 1;
    %store/vec4 v00000243a209e200_0, 0, 1;
    %vpi_call 2 18 "$dumpfile", "tff_async_reset_tb.vcd" {0 0 0};
    %vpi_call 2 19 "$dumpvars", 32'sb00000000000000000000000000000000, S_00000243a2044af0 {0 0 0};
    %delay 505, 0;
    %vpi_call 2 21 "$finish" {0 0 0};
    %end;
    .thread T_4;
    .scope S_00000243a2044af0;
T_5 ;
    %vpi_call 2 25 "$monitor", "Time: %0t | clk: %b | q: %b | nclk: %b", $time, v00000243a209e200_0, v00000243a209e0c0_0, v00000243a209e7a0_0 {0 0 0};
    %end;
    .thread T_5;
# The file index is used to find the file name in the following table.
:file_names 5;
    "N/A";
    "<interactive>";
    "testbench_tff.v";
    "./freq_quarter.v";
    "./tff_asr.v";
