#! /c/Source/iverilog-install/bin/vvp
:ivl_version "12.0 (devel)" "(s20150603-1539-g2693dd32b)";
:ivl_delay_selection "TYPICAL";
:vpi_time_precision + 0;
:vpi_module "D:\ProgramFiles\iverilog\lib\ivl\system.vpi";
:vpi_module "D:\ProgramFiles\iverilog\lib\ivl\vhdl_sys.vpi";
:vpi_module "D:\ProgramFiles\iverilog\lib\ivl\vhdl_textio.vpi";
:vpi_module "D:\ProgramFiles\iverilog\lib\ivl\v2005_math.vpi";
:vpi_module "D:\ProgramFiles\iverilog\lib\ivl\va_math.vpi";
S_00000236f66bb840 .scope module, "fsm_tb" "fsm_tb" 2 3;
 .timescale 0 0;
v00000236f6632c20_0 .var "clk", 0 0;
v00000236f6632d60_0 .var "in", 0 0;
v00000236f6632ae0_0 .net "out", 0 0, v00000236f65e8660_0;  1 drivers
v00000236f6632ea0_0 .var "reset", 0 0;
S_00000236f65d6830 .scope module, "q" "fsm" 2 7, 3 2 0, S_00000236f66bb840;
 .timescale 0 0;
    .port_info 0 /INPUT 1 "clk";
    .port_info 1 /INPUT 1 "reset";
    .port_info 2 /INPUT 1 "in";
    .port_info 3 /OUTPUT 1 "out";
L_00000236f65ebce0 .functor BUFZ 1, v00000236f6632d60_0, C4<0>, C4<0>, C4<0>;
L_00000236f65ebd50 .functor NOT 1, v00000236f6632d60_0, C4<0>, C4<0>, C4<0>;
v00000236f65e83e0_0 .net "clk", 0 0, v00000236f6632c20_0;  1 drivers
v00000236f65e8480_0 .net "in", 0 0, v00000236f6632d60_0;  1 drivers
v00000236f65e8520_0 .net "j", 0 0, L_00000236f65ebce0;  1 drivers
v00000236f65e85c0_0 .net "k", 0 0, L_00000236f65ebd50;  1 drivers
v00000236f65e8660_0 .var "out", 0 0;
v00000236f66bdaa0_0 .net "reset", 0 0, v00000236f6632ea0_0;  1 drivers
v00000236f66bdb40_0 .net "state", 0 0, v00000236f65e82a0_0;  1 drivers
E_00000236f66bb100 .event anyedge, v00000236f65e82a0_0, v00000236f65e8480_0;
S_00000236f65d69c0 .scope module, "jk" "jkff" 3 7, 4 1 0, S_00000236f65d6830;
 .timescale 0 0;
    .port_info 0 /INPUT 1 "clk";
    .port_info 1 /INPUT 1 "reset";
    .port_info 2 /INPUT 1 "j";
    .port_info 3 /INPUT 1 "k";
    .port_info 4 /OUTPUT 1 "q";
v00000236f65b2ef0_0 .net "clk", 0 0, v00000236f6632c20_0;  alias, 1 drivers
v00000236f66bbe70_0 .net "j", 0 0, L_00000236f65ebce0;  alias, 1 drivers
v00000236f66bb660_0 .net "k", 0 0, L_00000236f65ebd50;  alias, 1 drivers
v00000236f65e82a0_0 .var "q", 0 0;
v00000236f65e8340_0 .net "reset", 0 0, v00000236f6632ea0_0;  alias, 1 drivers
E_00000236f66bab80 .event posedge, v00000236f65b2ef0_0;
    .scope S_00000236f65d69c0;
T_0 ;
    %wait E_00000236f66bab80;
    %load/vec4 v00000236f65e8340_0;
    %cmpi/e 1, 0, 1;
    %jmp/0xz  T_0.0, 4;
    %pushi/vec4 0, 0, 1;
    %assign/vec4 v00000236f65e82a0_0, 0;
    %jmp T_0.1;
T_0.0 ;
    %load/vec4 v00000236f66bbe70_0;
    %cmpi/e 0, 0, 1;
    %flag_get/vec4 4;
    %jmp/0 T_0.4, 4;
    %load/vec4 v00000236f66bb660_0;
    %pushi/vec4 0, 0, 1;
    %cmp/e;
    %flag_get/vec4 4;
    %and;
T_0.4;
    %flag_set/vec4 8;
    %jmp/0xz  T_0.2, 8;
    %load/vec4 v00000236f65e82a0_0;
    %assign/vec4 v00000236f65e82a0_0, 0;
    %jmp T_0.3;
T_0.2 ;
    %load/vec4 v00000236f66bbe70_0;
    %cmpi/e 1, 0, 1;
    %flag_get/vec4 4;
    %jmp/0 T_0.7, 4;
    %load/vec4 v00000236f66bb660_0;
    %pushi/vec4 0, 0, 1;
    %cmp/e;
    %flag_get/vec4 4;
    %and;
T_0.7;
    %flag_set/vec4 8;
    %jmp/0xz  T_0.5, 8;
    %pushi/vec4 1, 0, 1;
    %assign/vec4 v00000236f65e82a0_0, 0;
    %jmp T_0.6;
T_0.5 ;
    %load/vec4 v00000236f66bbe70_0;
    %cmpi/e 0, 0, 1;
    %flag_get/vec4 4;
    %jmp/0 T_0.10, 4;
    %load/vec4 v00000236f66bb660_0;
    %pushi/vec4 1, 0, 1;
    %cmp/e;
    %flag_get/vec4 4;
    %and;
T_0.10;
    %flag_set/vec4 8;
    %jmp/0xz  T_0.8, 8;
    %pushi/vec4 0, 0, 1;
    %assign/vec4 v00000236f65e82a0_0, 0;
    %jmp T_0.9;
T_0.8 ;
    %load/vec4 v00000236f65e82a0_0;
    %inv;
    %assign/vec4 v00000236f65e82a0_0, 0;
T_0.9 ;
T_0.6 ;
T_0.3 ;
T_0.1 ;
    %jmp T_0;
    .thread T_0;
    .scope S_00000236f65d6830;
T_1 ;
    %wait E_00000236f66bb100;
    %load/vec4 v00000236f66bdb40_0;
    %flag_set/vec4 8;
    %flag_get/vec4 8;
    %jmp/0 T_1.0, 8;
    %load/vec4 v00000236f65e8480_0;
    %inv;
    %and;
T_1.0;
    %store/vec4 v00000236f65e8660_0, 0, 1;
    %jmp T_1;
    .thread T_1, $push;
    .scope S_00000236f66bb840;
T_2 ;
    %delay 5, 0;
    %load/vec4 v00000236f6632c20_0;
    %inv;
    %store/vec4 v00000236f6632c20_0, 0, 1;
    %jmp T_2;
    .thread T_2;
    .scope S_00000236f66bb840;
T_3 ;
    %vpi_call 2 12 "$dumpfile", "out.vcd" {0 0 0};
    %vpi_call 2 13 "$dumpvars", 32'sb00000000000000000000000000000000, S_00000236f66bb840 {0 0 0};
    %pushi/vec4 0, 0, 1;
    %store/vec4 v00000236f6632c20_0, 0, 1;
    %pushi/vec4 1, 0, 1;
    %store/vec4 v00000236f6632ea0_0, 0, 1;
    %pushi/vec4 0, 0, 1;
    %store/vec4 v00000236f6632d60_0, 0, 1;
    %delay 10, 0;
    %pushi/vec4 0, 0, 1;
    %store/vec4 v00000236f6632ea0_0, 0, 1;
    %delay 10, 0;
    %pushi/vec4 0, 0, 1;
    %store/vec4 v00000236f6632d60_0, 0, 1;
    %delay 10, 0;
    %pushi/vec4 0, 0, 1;
    %store/vec4 v00000236f6632d60_0, 0, 1;
    %delay 10, 0;
    %pushi/vec4 1, 0, 1;
    %store/vec4 v00000236f6632d60_0, 0, 1;
    %delay 10, 0;
    %pushi/vec4 0, 0, 1;
    %store/vec4 v00000236f6632d60_0, 0, 1;
    %delay 10, 0;
    %pushi/vec4 0, 0, 1;
    %store/vec4 v00000236f6632d60_0, 0, 1;
    %delay 10, 0;
    %pushi/vec4 1, 0, 1;
    %store/vec4 v00000236f6632d60_0, 0, 1;
    %delay 10, 0;
    %pushi/vec4 0, 0, 1;
    %store/vec4 v00000236f6632d60_0, 0, 1;
    %delay 10, 0;
    %vpi_call 2 23 "$finish" {0 0 0};
    %end;
    .thread T_3;
    .scope S_00000236f66bb840;
T_4 ;
    %vpi_call 2 27 "$monitor", "time: %0t | in: %b | out: %b", $time, v00000236f6632d60_0, v00000236f6632ae0_0 {0 0 0};
    %end;
    .thread T_4;
# The file index is used to find the file name in the following table.
:file_names 5;
    "N/A";
    "<interactive>";
    "fsm_tb.v";
    "./fsm.v";
    "./jkff.v";
