#! /c/Source/iverilog-install/bin/vvp
:ivl_version "12.0 (devel)" "(s20150603-1110-g18392a46)";
:ivl_delay_selection "TYPICAL";
:vpi_time_precision + 0;
:vpi_module "C:\iverilog\lib\ivl\system.vpi";
:vpi_module "C:\iverilog\lib\ivl\vhdl_sys.vpi";
:vpi_module "C:\iverilog\lib\ivl\vhdl_textio.vpi";
:vpi_module "C:\iverilog\lib\ivl\v2005_math.vpi";
:vpi_module "C:\iverilog\lib\ivl\va_math.vpi";
S_0000021373a1bc10 .scope module, "testbench" "testbench" 2 3;
 .timescale 0 0;
v0000021373882a80_0 .var "clk", 0 0;
v0000021373882b20_0 .var "in", 0 0;
v00000213738b4220_0 .net "out", 0 0, v00000213738828a0_0;  1 drivers
v00000213738b42c0_0 .var "reset", 0 0;
S_0000021373a1bda0 .scope module, "f" "FSM" 2 10, 3 1 0, S_0000021373a1bc10;
 .timescale 0 0;
    .port_info 0 /INPUT 1 "clk";
    .port_info 1 /INPUT 1 "reset";
    .port_info 2 /INPUT 1 "in";
    .port_info 3 /OUTPUT 1 "out";
P_0000021373a1b920 .param/l "S0" 0 3 4, C4<00>;
P_0000021373a1b958 .param/l "S1" 0 3 4, C4<01>;
P_0000021373a1b990 .param/l "S2" 0 3 4, C4<10>;
v00000213738b82d0_0 .net "clk", 0 0, v0000021373882a80_0;  1 drivers
v0000021373882760_0 .net "in", 0 0, v0000021373882b20_0;  1 drivers
v0000021373882800_0 .var "nextstate", 1 0;
v00000213738828a0_0 .var "out", 0 0;
v0000021373882940_0 .net "reset", 0 0, v00000213738b42c0_0;  1 drivers
v00000213738829e0_0 .var "state", 1 0;
E_00000213738a5620 .event anyedge, v00000213738829e0_0, v0000021373882760_0;
E_00000213738a4de0 .event posedge, v0000021373882940_0, v00000213738b82d0_0;
    .scope S_0000021373a1bda0;
T_0 ;
    %wait E_00000213738a4de0;
    %load/vec4 v0000021373882940_0;
    %flag_set/vec4 8;
    %jmp/0xz  T_0.0, 8;
    %pushi/vec4 0, 0, 2;
    %assign/vec4 v00000213738829e0_0, 0;
    %jmp T_0.1;
T_0.0 ;
    %load/vec4 v0000021373882800_0;
    %assign/vec4 v00000213738829e0_0, 0;
T_0.1 ;
    %jmp T_0;
    .thread T_0;
    .scope S_0000021373a1bda0;
T_1 ;
    %wait E_00000213738a5620;
    %load/vec4 v00000213738829e0_0;
    %dup/vec4;
    %pushi/vec4 0, 0, 2;
    %cmp/u;
    %jmp/1 T_1.0, 6;
    %dup/vec4;
    %pushi/vec4 1, 0, 2;
    %cmp/u;
    %jmp/1 T_1.1, 6;
    %dup/vec4;
    %pushi/vec4 2, 0, 2;
    %cmp/u;
    %jmp/1 T_1.2, 6;
    %jmp T_1.3;
T_1.0 ;
    %load/vec4 v0000021373882760_0;
    %nor/r;
    %flag_set/vec4 8;
    %jmp/0xz  T_1.4, 8;
    %pushi/vec4 0, 0, 2;
    %store/vec4 v0000021373882800_0, 0, 2;
    %pushi/vec4 1, 0, 1;
    %store/vec4 v00000213738828a0_0, 0, 1;
    %jmp T_1.5;
T_1.4 ;
    %pushi/vec4 1, 0, 2;
    %store/vec4 v0000021373882800_0, 0, 2;
    %pushi/vec4 0, 0, 1;
    %store/vec4 v00000213738828a0_0, 0, 1;
T_1.5 ;
    %jmp T_1.3;
T_1.1 ;
    %load/vec4 v0000021373882760_0;
    %nor/r;
    %flag_set/vec4 8;
    %jmp/0xz  T_1.6, 8;
    %pushi/vec4 1, 0, 2;
    %store/vec4 v0000021373882800_0, 0, 2;
    %pushi/vec4 0, 0, 1;
    %store/vec4 v00000213738828a0_0, 0, 1;
    %jmp T_1.7;
T_1.6 ;
    %pushi/vec4 2, 0, 2;
    %store/vec4 v0000021373882800_0, 0, 2;
    %pushi/vec4 0, 0, 1;
    %store/vec4 v00000213738828a0_0, 0, 1;
T_1.7 ;
    %jmp T_1.3;
T_1.2 ;
    %load/vec4 v0000021373882760_0;
    %nor/r;
    %flag_set/vec4 8;
    %jmp/0xz  T_1.8, 8;
    %pushi/vec4 2, 0, 2;
    %store/vec4 v0000021373882800_0, 0, 2;
    %pushi/vec4 0, 0, 1;
    %store/vec4 v00000213738828a0_0, 0, 1;
    %jmp T_1.9;
T_1.8 ;
    %pushi/vec4 0, 0, 2;
    %store/vec4 v0000021373882800_0, 0, 2;
    %pushi/vec4 1, 0, 1;
    %store/vec4 v00000213738828a0_0, 0, 1;
T_1.9 ;
    %jmp T_1.3;
T_1.3 ;
    %pop/vec4 1;
    %jmp T_1;
    .thread T_1, $push;
    .scope S_0000021373a1bc10;
T_2 ;
    %delay 5, 0;
    %load/vec4 v0000021373882a80_0;
    %inv;
    %store/vec4 v0000021373882a80_0, 0, 1;
    %jmp T_2;
    .thread T_2;
    .scope S_0000021373a1bc10;
T_3 ;
    %vpi_call 2 17 "$dumpfile", "out.vcd" {0 0 0};
    %vpi_call 2 18 "$dumpvars", 32'sb00000000000000000000000000000000, S_0000021373a1bc10 {0 0 0};
    %pushi/vec4 0, 0, 1;
    %store/vec4 v0000021373882a80_0, 0, 1;
    %pushi/vec4 1, 0, 1;
    %store/vec4 v00000213738b42c0_0, 0, 1;
    %pushi/vec4 0, 0, 1;
    %store/vec4 v0000021373882b20_0, 0, 1;
    %delay 10, 0;
    %pushi/vec4 0, 0, 1;
    %store/vec4 v00000213738b42c0_0, 0, 1;
    %pushi/vec4 0, 0, 1;
    %store/vec4 v0000021373882b20_0, 0, 1;
    %delay 10, 0;
    %pushi/vec4 1, 0, 1;
    %store/vec4 v0000021373882b20_0, 0, 1;
    %delay 10, 0;
    %pushi/vec4 0, 0, 1;
    %store/vec4 v0000021373882b20_0, 0, 1;
    %delay 10, 0;
    %pushi/vec4 1, 0, 1;
    %store/vec4 v0000021373882b20_0, 0, 1;
    %delay 10, 0;
    %pushi/vec4 1, 0, 1;
    %store/vec4 v0000021373882b20_0, 0, 1;
    %delay 10, 0;
    %vpi_call 2 34 "$finish" {0 0 0};
    %end;
    .thread T_3;
    .scope S_0000021373a1bc10;
T_4 ;
    %vpi_call 2 38 "$monitor", "Time = %0t, reset = %b, in = %b, state = %b, out = %b", $time, v00000213738b42c0_0, v0000021373882b20_0, v00000213738829e0_0, v00000213738b4220_0 {0 0 0};
    %end;
    .thread T_4;
# The file index is used to find the file name in the following table.
:file_names 4;
    "N/A";
    "<interactive>";
    "testbench.v";
    "./Q1.v";
