#! /usr/bin/vvp
:ivl_version "11.0 (stable)";
:ivl_delay_selection "TYPICAL";
:vpi_time_precision + 0;
:vpi_module "/usr/lib/x86_64-linux-gnu/ivl/system.vpi";
:vpi_module "/usr/lib/x86_64-linux-gnu/ivl/vhdl_sys.vpi";
:vpi_module "/usr/lib/x86_64-linux-gnu/ivl/vhdl_textio.vpi";
:vpi_module "/usr/lib/x86_64-linux-gnu/ivl/v2005_math.vpi";
:vpi_module "/usr/lib/x86_64-linux-gnu/ivl/va_math.vpi";
S_0x55cf16db1870 .scope module, "tb_encoder" "tb_encoder" 2 2;
 .timescale 0 0;
v0x55cf16dc7670_0 .var "en", 0 0;
v0x55cf16dc7740_0 .var "inp", 7 0;
v0x55cf16dc7810_0 .net "out", 2 0, v0x55cf16dc7530_0;  1 drivers
S_0x55cf16db1a00 .scope module, "p1" "priorityencoder_83" 2 9, 3 1 0, S_0x55cf16db1870;
 .timescale 0 0;
    .port_info 0 /INPUT 1 "en";
    .port_info 1 /INPUT 8 "inp";
    .port_info 2 /OUTPUT 3 "out";
v0x55cf16d77ba0_0 .net "en", 0 0, v0x55cf16dc7670_0;  1 drivers
v0x55cf16dc7450_0 .net "inp", 7 0, v0x55cf16dc7740_0;  1 drivers
v0x55cf16dc7530_0 .var "out", 2 0;
E_0x55cf16d76750 .event edge, v0x55cf16dc7450_0, v0x55cf16d77ba0_0;
    .scope S_0x55cf16db1a00;
T_0 ;
    %wait E_0x55cf16d76750;
    %load/vec4 v0x55cf16d77ba0_0;
    %pad/u 32;
    %cmpi/e 1, 0, 32;
    %jmp/0xz  T_0.0, 4;
    %load/vec4 v0x55cf16dc7450_0;
    %parti/s 1, 7, 4;
    %pad/u 32;
    %cmpi/e 1, 0, 32;
    %jmp/0xz  T_0.2, 4;
    %pushi/vec4 7, 0, 3;
    %store/vec4 v0x55cf16dc7530_0, 0, 3;
    %jmp T_0.3;
T_0.2 ;
    %load/vec4 v0x55cf16dc7450_0;
    %parti/s 1, 6, 4;
    %pad/u 32;
    %cmpi/e 1, 0, 32;
    %jmp/0xz  T_0.4, 4;
    %pushi/vec4 6, 0, 3;
    %store/vec4 v0x55cf16dc7530_0, 0, 3;
    %jmp T_0.5;
T_0.4 ;
    %load/vec4 v0x55cf16dc7450_0;
    %parti/s 1, 5, 4;
    %pad/u 32;
    %cmpi/e 1, 0, 32;
    %jmp/0xz  T_0.6, 4;
    %pushi/vec4 5, 0, 3;
    %store/vec4 v0x55cf16dc7530_0, 0, 3;
    %jmp T_0.7;
T_0.6 ;
    %load/vec4 v0x55cf16dc7450_0;
    %parti/s 1, 4, 4;
    %pad/u 32;
    %cmpi/e 1, 0, 32;
    %jmp/0xz  T_0.8, 4;
    %pushi/vec4 4, 0, 3;
    %store/vec4 v0x55cf16dc7530_0, 0, 3;
    %jmp T_0.9;
T_0.8 ;
    %load/vec4 v0x55cf16dc7450_0;
    %parti/s 1, 3, 3;
    %pad/u 32;
    %cmpi/e 1, 0, 32;
    %jmp/0xz  T_0.10, 4;
    %pushi/vec4 3, 0, 3;
    %store/vec4 v0x55cf16dc7530_0, 0, 3;
    %jmp T_0.11;
T_0.10 ;
    %load/vec4 v0x55cf16dc7450_0;
    %parti/s 1, 2, 3;
    %pad/u 32;
    %cmpi/e 1, 0, 32;
    %jmp/0xz  T_0.12, 4;
    %pushi/vec4 2, 0, 3;
    %store/vec4 v0x55cf16dc7530_0, 0, 3;
    %jmp T_0.13;
T_0.12 ;
    %load/vec4 v0x55cf16dc7450_0;
    %parti/s 1, 1, 2;
    %pad/u 32;
    %cmpi/e 1, 0, 32;
    %jmp/0xz  T_0.14, 4;
    %pushi/vec4 1, 0, 3;
    %store/vec4 v0x55cf16dc7530_0, 0, 3;
    %jmp T_0.15;
T_0.14 ;
    %pushi/vec4 0, 0, 3;
    %store/vec4 v0x55cf16dc7530_0, 0, 3;
T_0.15 ;
T_0.13 ;
T_0.11 ;
T_0.9 ;
T_0.7 ;
T_0.5 ;
T_0.3 ;
    %jmp T_0.1;
T_0.0 ;
    %pushi/vec4 0, 7, 3;
    %store/vec4 v0x55cf16dc7530_0, 0, 3;
T_0.1 ;
    %jmp T_0;
    .thread T_0, $push;
    .scope S_0x55cf16db1870;
T_1 ;
    %vpi_call 2 12 "$dumpfile", "out.vcd" {0 0 0};
    %vpi_call 2 13 "$dumpvars", 32'sb00000000000000000000000000000000, S_0x55cf16db1870 {0 0 0};
    %pushi/vec4 1, 0, 1;
    %store/vec4 v0x55cf16dc7670_0, 0, 1;
    %pushi/vec4 128, 0, 8;
    %store/vec4 v0x55cf16dc7740_0, 0, 8;
    %delay 5, 0;
    %pushi/vec4 1, 0, 1;
    %store/vec4 v0x55cf16dc7670_0, 0, 1;
    %pushi/vec4 64, 0, 8;
    %store/vec4 v0x55cf16dc7740_0, 0, 8;
    %delay 5, 0;
    %pushi/vec4 1, 0, 1;
    %store/vec4 v0x55cf16dc7670_0, 0, 1;
    %pushi/vec4 32, 0, 8;
    %store/vec4 v0x55cf16dc7740_0, 0, 8;
    %delay 5, 0;
    %pushi/vec4 1, 0, 1;
    %store/vec4 v0x55cf16dc7670_0, 0, 1;
    %pushi/vec4 16, 0, 8;
    %store/vec4 v0x55cf16dc7740_0, 0, 8;
    %delay 5, 0;
    %pushi/vec4 1, 0, 1;
    %store/vec4 v0x55cf16dc7670_0, 0, 1;
    %pushi/vec4 9, 0, 8;
    %store/vec4 v0x55cf16dc7740_0, 0, 8;
    %delay 5, 0;
    %pushi/vec4 0, 0, 1;
    %store/vec4 v0x55cf16dc7670_0, 0, 1;
    %pushi/vec4 255, 255, 8;
    %store/vec4 v0x55cf16dc7740_0, 0, 8;
    %vpi_call 2 22 "$finish" {0 0 0};
    %end;
    .thread T_1;
    .scope S_0x55cf16db1870;
T_2 ;
    %vpi_call 2 27 "$monitor", "time=%0d en=%b inp=%b out=%b", $time, v0x55cf16dc7670_0, v0x55cf16dc7740_0, v0x55cf16dc7810_0 {0 0 0};
    %end;
    .thread T_2;
# The file index is used to find the file name in the following table.
:file_names 4;
    "N/A";
    "<interactive>";
    "tb_encoder.v";
    "./module_priority_encoder.v";
