#! /opt/homebrew/Cellar/icarus-verilog/12.0/bin/vvp
:ivl_version "12.0 (stable)";
:ivl_delay_selection "TYPICAL";
:vpi_time_precision + 0;
:vpi_module "/opt/homebrew/Cellar/icarus-verilog/12.0/lib/ivl/system.vpi";
:vpi_module "/opt/homebrew/Cellar/icarus-verilog/12.0/lib/ivl/vhdl_sys.vpi";
:vpi_module "/opt/homebrew/Cellar/icarus-verilog/12.0/lib/ivl/vhdl_textio.vpi";
:vpi_module "/opt/homebrew/Cellar/icarus-verilog/12.0/lib/ivl/v2005_math.vpi";
:vpi_module "/opt/homebrew/Cellar/icarus-verilog/12.0/lib/ivl/va_math.vpi";
S_0x153e09df0 .scope module, "tff" "tff" 2 2;
 .timescale 0 0;
    .port_info 0 /INPUT 1 "clk";
    .port_info 1 /INPUT 1 "reset";
    .port_info 2 /INPUT 1 "t";
    .port_info 3 /OUTPUT 1 "q";
o0x158040190 .functor BUFZ 1, C4<z>; HiZ drive
L_0x153e235e0 .functor XOR 1, v0x153e22850_0, o0x158040190, C4<0>, C4<0>;
o0x158040010 .functor BUFZ 1, C4<z>; HiZ drive
v0x153e22a00_0 .net "clk", 0 0, o0x158040010;  0 drivers
v0x153e22aa0_0 .net "d", 0 0, L_0x153e235e0;  1 drivers
v0x153e22b50_0 .net "q", 0 0, v0x153e22850_0;  1 drivers
o0x1580400a0 .functor BUFZ 1, C4<z>; HiZ drive
v0x153e22c20_0 .net "reset", 0 0, o0x1580400a0;  0 drivers
v0x153e22cd0_0 .net "t", 0 0, o0x158040190;  0 drivers
S_0x153e0b190 .scope module, "dff" "dff_async_reset" 2 10, 3 2 0, S_0x153e09df0;
 .timescale 0 0;
    .port_info 0 /INPUT 1 "clk";
    .port_info 1 /INPUT 1 "reset";
    .port_info 2 /INPUT 1 "d";
    .port_info 3 /OUTPUT 1 "q";
v0x153e09f60_0 .net "clk", 0 0, o0x158040010;  alias, 0 drivers
v0x153e227b0_0 .net "d", 0 0, L_0x153e235e0;  alias, 1 drivers
v0x153e22850_0 .var "q", 0 0;
v0x153e22900_0 .net "reset", 0 0, o0x1580400a0;  alias, 0 drivers
E_0x153e0d3e0 .event posedge, v0x153e22900_0, v0x153e09f60_0;
S_0x153e0b020 .scope module, "tff_async_reset_tb" "tff_async_reset_tb" 4 3;
 .timescale 0 0;
v0x153e23330_0 .var "clk", 0 0;
v0x153e233d0_0 .net "q", 0 0, v0x153e230e0_0;  1 drivers
v0x153e23480_0 .var "reset", 0 0;
v0x153e23550_0 .var "t", 0 0;
S_0x153e22da0 .scope module, "uut" "tff_behavioral" 4 10, 2 14 0, S_0x153e0b020;
 .timescale 0 0;
    .port_info 0 /INPUT 1 "clk";
    .port_info 1 /INPUT 1 "reset";
    .port_info 2 /INPUT 1 "t";
    .port_info 3 /OUTPUT 1 "q";
v0x153e23030_0 .net "clk", 0 0, v0x153e23330_0;  1 drivers
v0x153e230e0_0 .var "q", 0 0;
v0x153e23180_0 .net "reset", 0 0, v0x153e23480_0;  1 drivers
v0x153e23230_0 .net "t", 0 0, v0x153e23550_0;  1 drivers
E_0x153e22fd0 .event posedge, v0x153e23180_0, v0x153e23030_0;
    .scope S_0x153e0b190;
T_0 ;
    %wait E_0x153e0d3e0;
    %load/vec4 v0x153e22900_0;
    %cmpi/e 1, 0, 1;
    %jmp/0xz  T_0.0, 4;
    %pushi/vec4 0, 0, 1;
    %assign/vec4 v0x153e22850_0, 0;
    %jmp T_0.1;
T_0.0 ;
    %load/vec4 v0x153e227b0_0;
    %assign/vec4 v0x153e22850_0, 0;
T_0.1 ;
    %jmp T_0;
    .thread T_0;
    .scope S_0x153e22da0;
T_1 ;
    %wait E_0x153e22fd0;
    %load/vec4 v0x153e23180_0;
    %flag_set/vec4 8;
    %jmp/0xz  T_1.0, 8;
    %pushi/vec4 0, 0, 1;
    %assign/vec4 v0x153e230e0_0, 0;
    %jmp T_1.1;
T_1.0 ;
    %load/vec4 v0x153e23230_0;
    %flag_set/vec4 8;
    %jmp/0xz  T_1.2, 8;
    %load/vec4 v0x153e230e0_0;
    %inv;
    %assign/vec4 v0x153e230e0_0, 0;
T_1.2 ;
T_1.1 ;
    %jmp T_1;
    .thread T_1;
    .scope S_0x153e0b020;
T_2 ;
    %delay 10, 0;
    %load/vec4 v0x153e23330_0;
    %inv;
    %store/vec4 v0x153e23330_0, 0, 1;
    %jmp T_2;
    .thread T_2;
    .scope S_0x153e0b020;
T_3 ;
    %pushi/vec4 0, 0, 1;
    %store/vec4 v0x153e23330_0, 0, 1;
    %pushi/vec4 0, 0, 1;
    %store/vec4 v0x153e23480_0, 0, 1;
    %pushi/vec4 0, 0, 1;
    %store/vec4 v0x153e23550_0, 0, 1;
    %vpi_call 4 21 "$dumpfile", "tff_async_reset_tb.vcd" {0 0 0};
    %vpi_call 4 22 "$dumpvars", 32'sb00000000000000000000000000000000, S_0x153e0b020 {0 0 0};
    %pushi/vec4 1, 0, 1;
    %store/vec4 v0x153e23480_0, 0, 1;
    %delay 20, 0;
    %pushi/vec4 0, 0, 1;
    %store/vec4 v0x153e23480_0, 0, 1;
    %pushi/vec4 1, 0, 1;
    %store/vec4 v0x153e23550_0, 0, 1;
    %delay 40, 0;
    %pushi/vec4 0, 0, 1;
    %store/vec4 v0x153e23550_0, 0, 1;
    %delay 40, 0;
    %pushi/vec4 1, 0, 1;
    %store/vec4 v0x153e23550_0, 0, 1;
    %delay 40, 0;
    %pushi/vec4 1, 0, 1;
    %store/vec4 v0x153e23480_0, 0, 1;
    %delay 20, 0;
    %pushi/vec4 0, 0, 1;
    %store/vec4 v0x153e23480_0, 0, 1;
    %pushi/vec4 1, 0, 1;
    %store/vec4 v0x153e23550_0, 0, 1;
    %delay 40, 0;
    %vpi_call 4 34 "$finish" {0 0 0};
    %end;
    .thread T_3;
    .scope S_0x153e0b020;
T_4 ;
    %vpi_call 4 38 "$monitor", "Time: %0t | clk: %b | reset: %b | t: %b | q: %b", $time, v0x153e23330_0, v0x153e23480_0, v0x153e23550_0, v0x153e233d0_0 {0 0 0};
    %end;
    .thread T_4;
# The file index is used to find the file name in the following table.
:file_names 5;
    "N/A";
    "<interactive>";
    "./tff_asr.v";
    "./dff_asycr.v";
    "testbench_tff.v";
